-------------------------------------------------------------------------------
Test set: controllers.DesenvolvedorControllerTest
-------------------------------------------------------------------------------
Tests run: 4, Failures: 2, Errors: 0, Skipped: 0, Time elapsed: 0.195 s <<< FAILURE! - in controllers.DesenvolvedorControllerTest
DesenvolvedorController_UpdateDesenvolvedor_ReturnDesenvolvedorDto  Time elapsed: 0.047 s  <<< FAILURE!
java.lang.AssertionError: No value at JSON path "$.data[0].niveId"
	at controllers.DesenvolvedorControllerTest.DesenvolvedorController_UpdateDesenvolvedor_ReturnDesenvolvedorDto(DesenvolvedorControllerTest.java:131)
Caused by: com.jayway.jsonpath.PathNotFoundException: No results for path: $['data'][0]['niveId']
	at controllers.DesenvolvedorControllerTest.DesenvolvedorController_UpdateDesenvolvedor_ReturnDesenvolvedorDto(DesenvolvedorControllerTest.java:131)

DesenvolvedorController_CreateDesenvolvedor_ReturnCreated  Time elapsed: 0.056 s  <<< FAILURE!
java.lang.AssertionError: No value at JSON path "$.data[0].niveId"
	at controllers.DesenvolvedorControllerTest.DesenvolvedorController_CreateDesenvolvedor_ReturnCreated(DesenvolvedorControllerTest.java:105)
Caused by: com.jayway.jsonpath.PathNotFoundException: No results for path: $['data'][0]['niveId']
	at controllers.DesenvolvedorControllerTest.DesenvolvedorController_CreateDesenvolvedor_ReturnCreated(DesenvolvedorControllerTest.java:105)

