-------------------------------------------------------------------------------
Test set: services.DesenvolvedorServiceTest
-------------------------------------------------------------------------------
Tests run: 4, Failures: 0, Errors: 2, Skipped: 0, Time elapsed: 0.317 s <<< FAILURE! - in services.DesenvolvedorServiceTest
DesenvolvedorService_CreateDesenvolvedor_ReturnsResponseDto  Time elapsed: 0.103 s  <<< ERROR!
org.mockito.exceptions.misusing.UnnecessaryStubbingException: 

Unnecessary stubbings detected.
Clean & maintainable test code requires zero unnecessary code.
Following stubbings are unnecessary (click to navigate to relevant line of code):
  1. -> at services.DesenvolvedorServiceTest.DesenvolvedorService_CreateDesenvolvedor_ReturnsResponseDto(DesenvolvedorServiceTest.java:63)
Please remove unnecessary stubbings or use 'lenient' strictness. More info: javadoc for UnnecessaryStubbingException class.

DesenvolvedorService_UpdateDesenvolvedor_ReturnDesenvolvedorDto  Time elapsed: 0.012 s  <<< ERROR!
org.mockito.exceptions.misusing.UnnecessaryStubbingException: 

Unnecessary stubbings detected.
Clean & maintainable test code requires zero unnecessary code.
Following stubbings are unnecessary (click to navigate to relevant line of code):
  1. -> at services.DesenvolvedorServiceTest.DesenvolvedorService_UpdateDesenvolvedor_ReturnDesenvolvedorDto(DesenvolvedorServiceTest.java:85)
Please remove unnecessary stubbings or use 'lenient' strictness. More info: javadoc for UnnecessaryStubbingException class.

